<?xml version="1.0" encoding="UTF-8"?>
<!-- Generated by org.testng.reporters.JUnitReportReporter -->
<testsuite hostname="CHFNT0008" failures="0" tests="3" name="Pruebas.AppTest" time="32.209" errors="0" timestamp="24 ene. 2023 17:01:49 GMT" skipped="0">
  <testcase classname="Pruebas.AppTest" name="selectHaiti" time="14.041"/>
  <testcase classname="Pruebas.AppTest" name="clickCuba" time="8.623"/>
  <testcase classname="Pruebas.AppTest" name="verifRadioButton" time="9.545"/>
</testsuite> <!-- Pruebas.AppTest -->
