<?xml version="1.0" encoding="UTF-8"?>
<!-- Generated by org.testng.reporters.JUnitReportReporter -->
<testsuite skipped="0" hostname="CHFNT0008" name="Pruebas.AppTest" tests="2" failures="0" timestamp="18 ene 2023 12:10:55 GMT" time="10.338" errors="0">
  <testcase name="verifRadioButton" time="0.107" classname="Pruebas.AppTest"/>
  <testcase name="selectHaiti" time="10.231" classname="Pruebas.AppTest"/>
</testsuite> <!-- Pruebas.AppTest -->
